2025-02-18 22:52:54,673 - INFO - Test - Starting converter test...
2025-02-18 22:52:54,674 - INFO - Test - Analyzing file: /Users/dylan/Documents/data/audio/新錄音 7.m4a
2025-02-18 22:52:54,674 - INFO - Test - File analysis result:
2025-02-18 22:52:54,674 - INFO - Test - - Category: audio
2025-02-18 22:52:54,674 - INFO - Test - - Subcategory: lossy
2025-02-18 22:52:54,674 - INFO - Test - - Current format: .m4a
2025-02-18 22:52:54,674 - INFO - Test - - Can convert to: .aiff, .alac, .ape, .flac, .mid, .midi, .tta, .wav, .wv
2025-02-18 22:52:54,674 - INFO - Test - Converting file to .aiff
2025-02-18 22:52:55,074 - INFO - FileConverter - Successfully converted audio: /Users/dylan/Documents/data/audio/新錄音 7.m4a -> /Users/dylan/Documents/converted_files/新錄音 7.aiff
2025-02-18 22:52:55,075 - INFO - Test - Conversion successful!
2025-02-18 22:52:55,075 - INFO - Test - Output file: /Users/dylan/Documents/converted_files/新錄音 7.aiff
2025-02-18 22:57:19,547 - INFO - Test - Starting converter test...
2025-02-18 22:57:19,548 - INFO - Test - Analyzing file: /Users/dylan/Documents/data/audio/新錄音 7.m4a
2025-02-18 22:57:19,548 - INFO - Test - File analysis result:
2025-02-18 22:57:19,548 - INFO - Test - - Category: audio
2025-02-18 22:57:19,548 - INFO - Test - - Subcategory: lossy
2025-02-18 22:57:19,548 - INFO - Test - - Current format: .m4a
2025-02-18 22:57:19,548 - INFO - Test - - Can convert to: .aiff, .alac, .ape, .flac, .mid, .midi, .tta, .wav, .wv
2025-02-18 22:57:19,548 - INFO - Test - Converting file to .aiff
2025-02-18 22:57:19,807 - INFO - FileConverter - Successfully converted audio: /Users/dylan/Documents/data/audio/新錄音 7.m4a -> /Users/dylan/Documents/code 資料/python/Converter/output/新錄音 7.aiff
2025-02-18 22:57:19,807 - INFO - Test - Conversion successful!
2025-02-18 22:57:19,807 - INFO - Test - Output file: /Users/dylan/Documents/code 資料/python/Converter/output/新錄音 7.aiff
2025-02-18 22:58:05,599 - INFO - Test - Starting converter test...
2025-02-18 22:58:05,600 - INFO - Test - Analyzing file: /Users/dylan/Documents/data/audio/新錄音 7.m4a
2025-02-18 22:58:05,600 - INFO - Test - File analysis result:
2025-02-18 22:58:05,600 - INFO - Test - - Category: audio
2025-02-18 22:58:05,600 - INFO - Test - - Subcategory: lossy
2025-02-18 22:58:05,600 - INFO - Test - - Current format: .m4a
2025-02-18 22:58:05,600 - INFO - Test - - Can convert to: .aiff, .alac, .ape, .flac, .mid, .midi, .tta, .wav, .wv
2025-02-18 22:58:05,600 - INFO - Test - Converting file to .wav
2025-02-18 22:58:05,782 - INFO - FileConverter - Successfully converted audio: /Users/dylan/Documents/data/audio/新錄音 7.m4a -> /Users/dylan/Documents/code 資料/python/Converter/output/新錄音 7.wav
2025-02-18 22:58:05,782 - INFO - Test - Conversion successful!
2025-02-18 22:58:05,782 - INFO - Test - Output file: /Users/dylan/Documents/code 資料/python/Converter/output/新錄音 7.wav
2025-02-18 23:01:12,992 - INFO - Test - Starting converter test...
2025-02-18 23:01:12,993 - INFO - FormatManager - Formats loaded from /Users/dylan/Documents/code 資料/python/Converter/config/file_formats.json
2025-02-18 23:01:12,993 - INFO - Test - Analyzing file: /Users/dylan/Documents/data/audio/新錄音 7.m4a
2025-02-18 23:01:12,993 - INFO - Test - File analysis result:
2025-02-18 23:01:12,993 - INFO - Test - - Category: audio
2025-02-18 23:01:12,993 - INFO - Test - - Subcategory: lossy
2025-02-18 23:01:12,993 - INFO - Test - - Current format: .m4a
2025-02-18 23:01:12,993 - INFO - Test - - Can convert to: .aiff, .alac, .ape, .flac, .mid, .midi, .tta, .wav, .wv
2025-02-18 23:01:12,993 - INFO - Test - Converting file to .wav
2025-02-18 23:01:13,188 - INFO - FileConverter - Successfully converted audio: /Users/dylan/Documents/data/audio/新錄音 7.m4a -> /Users/dylan/Documents/code 資料/python/Converter/output/新錄音 7.wav
2025-02-18 23:01:13,188 - INFO - Test - Conversion successful!
2025-02-18 23:01:13,188 - INFO - Test - Output file: /Users/dylan/Documents/code 資料/python/Converter/output/新錄音 7.wav
2025-02-18 23:08:12,989 - INFO - Test - Starting converter test...
2025-02-18 23:08:12,989 - INFO - FormatManager - 已從 /Users/dylan/Documents/code 資料/python/Converter/config/file_formats.json 載入格式配置
2025-02-18 23:08:12,989 - INFO - Test - Analyzing file: /Users/dylan/Documents/data/audio/新錄音 7.m4a
2025-02-18 23:08:12,989 - INFO - Test - File analysis result:
2025-02-18 23:08:12,989 - INFO - Test - - Category: audio
2025-02-18 23:08:12,989 - INFO - Test - - Subcategory: lossy
2025-02-18 23:08:12,989 - INFO - Test - - Current format: .m4a
2025-02-18 23:08:12,989 - INFO - Test - - Can convert to: .aiff, .alac, .ape, .flac, .mid, .midi, .tta, .wav, .wv
2025-02-18 23:08:12,989 - INFO - Test - Converting file to .wav
2025-02-18 23:08:13,183 - INFO - FileConverter - Successfully converted audio: /Users/dylan/Documents/data/audio/新錄音 7.m4a -> /Users/dylan/Documents/code 資料/python/Converter/output/新錄音 7.wav
2025-02-18 23:08:13,183 - INFO - Test - Conversion successful!
2025-02-18 23:08:13,183 - INFO - Test - Output file: /Users/dylan/Documents/code 資料/python/Converter/output/新錄音 7.wav
